<?xml version="1.0" encoding="UTF-8"?>
<!-- Generated by org.testng.reporters.JUnitReportReporter -->
<testsuite skipped="0" hostname="DESKTOP-LCLRU6G" name="first.Annotations" tests="2" failures="0" timestamp="2020-02-18T10:02:44 SGT" time="0.005" errors="0">
  <testcase name="secondmethod" time="0.001" classname="first.Annotations"/>
  <testcase name="firstmethod" time="0.004" classname="first.Annotations"/>
</testsuite> <!-- first.Annotations -->
