<?xml version="1.0" encoding="UTF-8"?>
<!-- Generated by org.testng.reporters.JUnitReportReporter -->
<testsuite skipped="0" hostname="DESKTOP-LCLRU6G" name="testNG.TestNGGrouping2" tests="4" failures="0" timestamp="2020-02-18T10:34:05 SGT" time="0.003" errors="0">
  <testcase name="m2" time="0.001" classname="testNG.TestNGGrouping2"/>
  <testcase name="m3" time="0.001" classname="testNG.TestNGGrouping2"/>
  <testcase name="m4" time="0.000" classname="testNG.TestNGGrouping2"/>
  <testcase name="m1" time="0.001" classname="testNG.TestNGGrouping2"/>
</testsuite> <!-- testNG.TestNGGrouping2 -->
