<?xml version="1.0" encoding="UTF-8"?>
<!-- Generated by org.testng.reporters.JUnitReportReporter -->
<testsuite skipped="0" hostname="DESKTOP-LCLRU6G" name="testNG.Annotations" tests="2" failures="0" timestamp="2020-02-18T11:08:43 SGT" time="0.007" errors="0">
  <testcase name="firstmethod" time="0.004" classname="testNG.Annotations"/>
  <testcase name="secondmethod" time="0.003" classname="testNG.Annotations"/>
</testsuite> <!-- testNG.Annotations -->
