<?xml version="1.0" encoding="UTF-8"?>
<!-- Generated by org.testng.reporters.JUnitReportReporter -->
<testsuite skipped="0" hostname="DESKTOP-LCLRU6G" name="first.TestNGAttributes" tests="6" failures="0" timestamp="2020-02-18T10:16:57 SGT" time="0.014" errors="0">
  <testcase name="a" time="0.009" classname="first.TestNGAttributes"/>
  <testcase name="d" time="0.001" classname="first.TestNGAttributes"/>
  <testcase name="m" time="0.002" classname="first.TestNGAttributes"/>
  <testcase name="f" time="0.001" classname="first.TestNGAttributes"/>
  <testcase name="h" time="0.000" classname="first.TestNGAttributes"/>
  <testcase name="o" time="0.001" classname="first.TestNGAttributes"/>
</testsuite> <!-- first.TestNGAttributes -->
