<?xml version="1.0" encoding="UTF-8"?>
<!-- Generated by org.testng.reporters.JUnitReportReporter -->
<testsuite skipped="0" hostname="DESKTOP-LCLRU6G" name="testNG.TestNGGrouping" tests="1" failures="0" timestamp="2020-02-18T10:34:05 SGT" time="0.008" errors="0">
  <testcase name="f2" time="0.008" classname="testNG.TestNGGrouping"/>
</testsuite> <!-- testNG.TestNGGrouping -->
