<?xml version="1.0" encoding="UTF-8"?>
<!-- Generated by org.testng.reporters.JUnitReportReporter -->
<testsuite skipped="0" hostname="DESKTOP-LCLRU6G" name="first.FirstNode" tests="1" failures="0" timestamp="2020-02-18T09:46:09 SGT" time="18.038" errors="0">
  <testcase name="f" time="18.038" classname="first.FirstNode"/>
</testsuite> <!-- first.FirstNode -->
